#
# There is insufficient memory for the Java Runtime Environment to continue.
# Native memory allocation (mmap) failed to map 264241152 bytes for Failed to commit area from 0x0000000704c00000 to 0x0000000714800000 of length 264241152.
# Possible reasons:
#   The system is out of physical RAM or swap space
#   The process is running with CompressedOops enabled, and the Java Heap may be blocking the growth of the native heap
# Possible solutions:
#   Reduce memory load on the system
#   Increase physical memory or swap space
#   Check if swap backing store is full
#   Decrease Java heap size (-Xmx/-Xms)
#   Decrease number of Java threads
#   Decrease Java thread stack sizes (-Xss)
#   Set larger code cache with -XX:ReservedCodeCacheSize=
# This output file may be truncated or incomplete.
#
#  Out of Memory Error (os_windows.cpp:3391), pid=31456, tid=28424
#
# JRE version:  (11.0.27+6) (build )
# Java VM: OpenJDK 64-Bit Server VM (11.0.27+6, mixed mode, sharing, tiered, compressed oops, g1 gc, windows-amd64)
# No core dump will be written. Minidumps are not enabled by default on client versions of Windows
#

---------------  S U M M A R Y ------------

Command Line: org.jetbrains.kotlin.cli.jvm.K2JVMCompiler @C:\Users\jespe\OneDrive\Dokumente\GitHub\dizzy\android\build\build\20250709_14984076955735247752.compiler.options

Host: 12th Gen Intel(R) Core(TM) i5-1230U, 12 cores, 15G,  Windows 11 , 64 bit Build 26100 (10.0.26100.4484)
Time: Wed Jul  9 23:26:54 2025 Mitteleuropäische Sommerzeit elapsed time: 0.033125 seconds (0d 0h 0m 0s)

---------------  T H R E A D  ---------------

Current thread (0x0000021ade530000):  JavaThread "Unknown thread" [_thread_in_vm, id=28424, stack(0x0000002b2b400000,0x0000002b2b500000)]

Stack: [0x0000002b2b400000,0x0000002b2b500000]
Native frames: (J=compiled Java code, j=interpreted, Vv=VM code, C=native code)
V  [jvm.dll+0x6448da]
V  [jvm.dll+0x7d7119]
V  [jvm.dll+0x7d87f9]
V  [jvm.dll+0x7d8ef3]
V  [jvm.dll+0x269105]
V  [jvm.dll+0x641af9]
V  [jvm.dll+0x636395]
V  [jvm.dll+0x32559d]
V  [jvm.dll+0x325402]
V  [jvm.dll+0x32a026]
V  [jvm.dll+0x371020]
V  [jvm.dll+0x370a92]
V  [jvm.dll+0x3004c8]
V  [jvm.dll+0x3015c5]
V  [jvm.dll+0x7b0647]
V  [jvm.dll+0x7b1dcf]
V  [jvm.dll+0x37e319]
V  [jvm.dll+0x79226f]
V  [jvm.dll+0x3eebd7]
V  [jvm.dll+0x3f10d1]
C  [jli.dll+0x52c0]
C  [ucrtbase.dll+0x37b0]
C  [KERNEL32.DLL+0x2e8d7]
C  [ntdll.dll+0x3c34c]


---------------  P R O C E S S  ---------------

Threads class SMR info:
_java_thread_list=0x0000021adc24c580, length=0, elements={
}

Java Threads: ( => current thread )

Other Threads:
  0x0000021ade548000 GCTaskThread "GC Thread#0" [stack: 0x0000002b2b500000,0x0000002b2b600000] [id=17576]
  0x0000021ade5a8000 ConcurrentGCThread "G1 Main Marker" [stack: 0x0000002b2b600000,0x0000002b2b700000] [id=15644]
  0x0000021ade5a9000 ConcurrentGCThread "G1 Conc#0" [stack: 0x0000002b2b700000,0x0000002b2b800000] [id=9460]

[error occurred during error reporting (printing all threads), id 0xc0000005, EXCEPTION_ACCESS_VIOLATION (0xc0000005) at pc=0x00007ffdc6fe1327]

VM state:not at safepoint (not fully initialized)

VM Mutex/Monitor currently owned by a thread:  ([mutex/lock_event])
[0x0000021ade52e2a0] Heap_lock - owner thread: 0x0000021ade530000

Heap address: 0x0000000704c00000, size: 4020 MB, Compressed Oops mode: Non-zero based: 0x0000000704c00000
Narrow klass base: 0x0000000000000000, Narrow klass shift: 0

GC Heap History (0 events):
No events

Deoptimization events (0 events):
No events

Classes redefined (0 events):
No events

Internal exceptions (0 events):
No events

Events (1 events):
Event: 0.023 Loaded shared library C:\Program Files\Eclipse Adoptium\jdk-11.0.27.6-hotspot\bin\zip.dll


Dynamic libraries:
0x00007ff7ae4f0000 - 0x00007ff7ae4fe000 	C:\Program Files\Eclipse Adoptium\jdk-11.0.27.6-hotspot\bin\java.exe
0x00007ffe74d00000 - 0x00007ffe74f68000 	C:\WINDOWS\SYSTEM32\ntdll.dll
0x00007ffe72bb0000 - 0x00007ffe72c79000 	C:\WINDOWS\System32\KERNEL32.DLL
0x00007ffe726b0000 - 0x00007ffe72a9d000 	C:\WINDOWS\System32\KERNELBASE.dll
0x00007ffe72060000 - 0x00007ffe721ab000 	C:\WINDOWS\System32\ucrtbase.dll
0x00007ffe60c50000 - 0x00007ffe60c6e000 	C:\Program Files\Eclipse Adoptium\jdk-11.0.27.6-hotspot\bin\VCRUNTIME140.dll
0x00007ffe60900000 - 0x00007ffe60917000 	C:\Program Files\Eclipse Adoptium\jdk-11.0.27.6-hotspot\bin\jli.dll
0x00007ffe74af0000 - 0x00007ffe74cbc000 	C:\WINDOWS\System32\USER32.dll
0x00007ffe72500000 - 0x00007ffe72527000 	C:\WINDOWS\System32\win32u.dll
0x00007ffe5ea20000 - 0x00007ffe5ecba000 	C:\WINDOWS\WinSxS\amd64_microsoft.windows.common-controls_6595b64144ccf1df_6.0.26100.4484_none_3e0e6d4ce32ef3b3\COMCTL32.dll
0x00007ffe74ac0000 - 0x00007ffe74aeb000 	C:\WINDOWS\System32\GDI32.dll
0x00007ffe73900000 - 0x00007ffe739a9000 	C:\WINDOWS\System32\msvcrt.dll
0x00007ffe723c0000 - 0x00007ffe724f7000 	C:\WINDOWS\System32\gdi32full.dll
0x00007ffe71e50000 - 0x00007ffe71ef3000 	C:\WINDOWS\System32\msvcp_win.dll
0x00007ffe72aa0000 - 0x00007ffe72acf000 	C:\WINDOWS\System32\IMM32.DLL
0x00007ffe6d260000 - 0x00007ffe6d26c000 	C:\Program Files\Eclipse Adoptium\jdk-11.0.27.6-hotspot\bin\vcruntime140_1.dll
0x00007ffe603d0000 - 0x00007ffe6045d000 	C:\Program Files\Eclipse Adoptium\jdk-11.0.27.6-hotspot\bin\msvcp140.dll
0x00007ffdc6cd0000 - 0x00007ffdc7893000 	C:\Program Files\Eclipse Adoptium\jdk-11.0.27.6-hotspot\bin\server\jvm.dll
0x00007ffe73aa0000 - 0x00007ffe73b54000 	C:\WINDOWS\System32\ADVAPI32.dll
0x00007ffe72b00000 - 0x00007ffe72ba6000 	C:\WINDOWS\System32\sechost.dll
0x00007ffe740c0000 - 0x00007ffe741d8000 	C:\WINDOWS\System32\RPCRT4.dll
0x00007ffe73b60000 - 0x00007ffe73bd4000 	C:\WINDOWS\System32\WS2_32.dll
0x00007ffe733d0000 - 0x00007ffe733d8000 	C:\WINDOWS\System32\PSAPI.DLL
0x00007ffe6aec0000 - 0x00007ffe6aef5000 	C:\WINDOWS\SYSTEM32\WINMM.dll
0x00007ffe5f050000 - 0x00007ffe5f05b000 	C:\WINDOWS\SYSTEM32\VERSION.dll
0x00007ffe70d00000 - 0x00007ffe70d1b000 	C:\WINDOWS\SYSTEM32\kernel.appcore.dll
0x00007ffe6cea0000 - 0x00007ffe6ceb0000 	C:\Program Files\Eclipse Adoptium\jdk-11.0.27.6-hotspot\bin\verify.dll
0x00007ffe64bd0000 - 0x00007ffe64e11000 	C:\WINDOWS\SYSTEM32\DBGHELP.DLL
0x00007ffe734a0000 - 0x00007ffe73826000 	C:\WINDOWS\System32\combase.dll
0x00007ffe749c0000 - 0x00007ffe74aa0000 	C:\WINDOWS\System32\OLEAUT32.dll
0x00007ffe5a7a0000 - 0x00007ffe5a7e3000 	C:\WINDOWS\SYSTEM32\dbgcore.DLL
0x00007ffe71f00000 - 0x00007ffe71f99000 	C:\WINDOWS\System32\bcryptPrimitives.dll
0x00007ffe608d0000 - 0x00007ffe608f8000 	C:\Program Files\Eclipse Adoptium\jdk-11.0.27.6-hotspot\bin\java.dll
0x00007ffe6c510000 - 0x00007ffe6c51a000 	C:\Program Files\Eclipse Adoptium\jdk-11.0.27.6-hotspot\bin\jimage.dll
0x00007ffe60800000 - 0x00007ffe60818000 	C:\Program Files\Eclipse Adoptium\jdk-11.0.27.6-hotspot\bin\zip.dll

dbghelp: loaded successfully - version: 4.0.5 - missing functions: none
symbol engine: initialized successfully - sym options: 0x614 - pdb path: .;C:\Program Files\Eclipse Adoptium\jdk-11.0.27.6-hotspot\bin;C:\WINDOWS\SYSTEM32;C:\WINDOWS\WinSxS\amd64_microsoft.windows.common-controls_6595b64144ccf1df_6.0.26100.4484_none_3e0e6d4ce32ef3b3;C:\Program Files\Eclipse Adoptium\jdk-11.0.27.6-hotspot\bin\server

VM Arguments:
java_command: org.jetbrains.kotlin.cli.jvm.K2JVMCompiler @C:\Users\jespe\OneDrive\Dokumente\GitHub\dizzy\android\build\build\20250709_14984076955735247752.compiler.options
java_class_path (initial): C:\Users\jespe\.gradle\caches\modules-2\files-2.1\org.jetbrains.kotlin\kotlin-compiler-embeddable\1.6.21\97bdd5a752ce73b58ef16c17bc7f0ea2faff7a2e\kotlin-compiler-embeddable-1.6.21.jar;C:\Users\jespe\.gradle\caches\modules-2\files-2.1\org.jetbrains.kotlin\kotlin-reflect\1.6.21\5dc3574d9b7bebfcb4ec6b10ada4aaa9e140bd0b\kotlin-reflect-1.6.21.jar;C:\Users\jespe\.gradle\caches\modules-2\files-2.1\org.jetbrains.kotlin\kotlin-stdlib\1.6.21\11ef67f1900634fd951bad28c53ec957fabbe5b8\kotlin-stdlib-1.6.21.jar;C:\Users\jespe\.gradle\caches\modules-2\files-2.1\org.jetbrains.kotlin\kotlin-script-runtime\1.6.21\99c6675100da5d6d5b1c5a1032f27f28008d101b\kotlin-script-runtime-1.6.21.jar;C:\Users\jespe\.gradle\caches\modules-2\files-2.1\org.jetbrains.kotlin\kotlin-daemon-embeddable\1.6.21\46b78cf392e1c4f10854c3cadba44abb7b82250f\kotlin-daemon-embeddable-1.6.21.jar;C:\Users\jespe\.gradle\caches\modules-2\files-2.1\org.jetbrains.intellij.deps\trove4j\1.0.20200330\3afb14d5f9ceb459d724e907a21145e8ff394f02\trove4j-1.0.20200330.jar;C:\Users\jespe\.gradle\caches\modules-2\files-2.1\net.java.dev.jna\jna\5.6.0\330f2244e9030119ab3030fc3fededc86713d9cc\jna-5.6.0.jar;C:\Users\jespe\.gradle\caches\modules-2\files-2.1\org.jetbrains.kotlin\kotlin-stdlib-common\1.6.21\5e5b55c26dbc80372a920aef60eb774b714559b8\kotlin-stdlib-common-1.6.21.jar;C:\Users\jespe\.gradle\caches\modules-2\files-2.1\org.jetbrains\annotations\13.0\919f0dfe192fb4e063e7dacadee7f8bb9a2672a9\annotations-13.0.jar
Launcher Type: SUN_STANDARD

[Global flags]
     intx CICompilerCount                          = 4                                         {product} {ergonomic}
     uint ConcGCThreads                            = 3                                         {product} {ergonomic}
     uint G1ConcRefinementThreads                  = 10                                        {product} {ergonomic}
   size_t G1HeapRegionSize                         = 1048576                                   {product} {ergonomic}
    uintx GCDrainStackTargetSize                   = 64                                        {product} {ergonomic}
   size_t InitialHeapSize                          = 264241152                                 {product} {ergonomic}
   size_t MarkStackSize                            = 4194304                                   {product} {ergonomic}
   size_t MaxHeapSize                              = 4215275520                                {product} {ergonomic}
   size_t MinHeapDeltaBytes                        = 1048576                                   {product} {ergonomic}
    uintx NonNMethodCodeHeapSize                   = 5836300                                {pd product} {ergonomic}
    uintx NonProfiledCodeHeapSize                  = 122910970                              {pd product} {ergonomic}
    uintx ProfiledCodeHeapSize                     = 122910970                              {pd product} {ergonomic}
    uintx ReservedCodeCacheSize                    = 251658240                              {pd product} {ergonomic}
     bool SegmentedCodeCache                       = true                                      {product} {ergonomic}
     bool UseCompressedClassPointers               = true                                 {lp64_product} {ergonomic}
     bool UseCompressedOops                        = true                                 {lp64_product} {ergonomic}
     bool UseG1GC                                  = true                                      {product} {ergonomic}
     bool UseLargePagesIndividualAllocation        = false                                  {pd product} {ergonomic}

Logging:
Log output configuration:
 #0: stdout all=warning uptime,level,tags
 #1: stderr all=off uptime,level,tags

Environment Variables:
JAVA_HOME=C:\Program Files\Eclipse Adoptium\jdk-11.0.27.6-hotspot\
CLASSPATH=C:\Users\jespe\OneDrive\Dokumente\GitHub\dizzy\android\build\\gradle\wrapper\gradle-wrapper.jar
PATH=C:\Program Files\Eclipse Adoptium\jdk-11.0.27.6-hotspot\bin;C:\Program Files (x86)\VMware\VMware Workstation\bin\;C:\Program Files (x86)\Common Files\Oracle\Java\javapath;C:\WINDOWS\system32;C:\WINDOWS;C:\WINDOWS\System32\Wbem;C:\WINDOWS\System32\WindowsPowerShell\v1.0\;C:\WINDOWS\System32\OpenSSH\;C:\Program Files\dotnet\;C:\Program Files\Git\cmd;C:\Users\jespe\AppData\Roaming\Python\Scripts;C:\Program Files\Docker\Docker\resources\bin;C:\Program Files\nodejs\;C:\java-jdk\java-1.8.0-openjdk-1.8.0.392-1.b08.redhat.windows.x86_64\bin;C:\msys64\usr\bin;C:\msys64\mingw64\bin;C:\Program Files\CMake\bin;C:\ninja\ninja.exe;C:\Users\jespe\miniconda3;C:\Users\jespe\miniconda3\Library\mingw-w64\bin;C:\Users\jespe\miniconda3\Library\usr\bin;C:\Users\jespe\miniconda3\Library\bin;C:\Users\jespe\miniconda3\Scripts;C:\Users\jespe\AppData\Local\Microsoft\WindowsApps;C:\Users\jespe\AppData\Local\GitHubDesktop\bin;C:\Users\jespe\AppData\Local\Programs\Microsoft VS Code\bin;C:\Users\jespe\AppData\Local\Packages\PythonSoftwareFoundation.Python.3.10_qbz5n2kfra8p0\LocalCache\local-packages\Python310\Scripts;C:\Users\jespe\AppData\Local\JetBrains\Toolbox\scripts;C:\Users\jespe\AppData\Local\Google\Cloud SDK\google-cloud-sdk\bin;C:\Users\jespe\AppData\Roaming\npm;%USERPROFILE%\AppData\Local\Microsoft\WindowsApps;;C:\Users\jespe\AppData\Roaming\Programs\Zero Install
USERNAME=jespe
OS=Windows_NT
PROCESSOR_IDENTIFIER=Intel64 Family 6 Model 154 Stepping 4, GenuineIntel
TMP=C:\Users\jespe\AppData\Local\Temp
TEMP=C:\Users\jespe\AppData\Local\Temp



---------------  S Y S T E M  ---------------

OS: Windows 11 , 64 bit Build 26100 (10.0.26100.4484)
OS uptime: 0 days 11:13 hours
Hyper-V role detected

CPU:total 12 (initial active 12) (6 cores per cpu, 2 threads per core) family 6 model 154 stepping 4 microcode 0x437, cmov, cx8, fxsr, mmx, sse, sse2, sse3, ssse3, sse4.1, sse4.2, popcnt, avx, avx2, aes, clmul, erms, 3dnowpref, lzcnt, ht, tsc, tscinvbit, bmi1, bmi2, adx, sha, fma

Memory: 4k page, system-wide physical 16072M (988M free)
TotalPageFile size 26917M (AvailPageFile size 235M)
current process WorkingSet (physical memory assigned to process): 12M, peak: 12M
current process commit charge ("private bytes"): 65M, peak: 317M

vm_info: OpenJDK 64-Bit Server VM (11.0.27+6) for windows-amd64 JRE (11.0.27+6), built on Apr 16 2025 02:24:08 by "" with MS VC++ 17.7 (VS2022)

END.
